#
# A fatal error has been detected by the Java Runtime Environment:
#
#  EXCEPTION_ACCESS_VIOLATION (0xc0000005) at pc=0x000000005b9ec709, pid=12980, tid=0x0000000000002c14
#
# JRE version: Java(TM) SE Runtime Environment (8.0_271-b09) (build 1.8.0_271-b09)
# Java VM: Java HotSpot(TM) 64-Bit Server VM (25.271-b09 mixed mode windows-amd64 compressed oops)
# Problematic frame:
# V  [jvm.dll+0xdc709]
#
# Failed to write core dump. Minidumps are not enabled by default on client versions of Windows
#
# If you would like to submit a bug report, please visit:
#   http://bugreport.java.com/bugreport/crash.jsp
#

---------------  T H R E A D  ---------------

Current thread (0x00000226aa3d1800):  JavaThread "JavaFX Application Thread" [_thread_in_vm, id=11284, stack(0x000000fd3e600000,0x000000fd3e700000)]

siginfo: ExceptionCode=0xc0000005, reading address 0x0000000000000510

Registers:
RAX=0x00000007c00cf348, RBX=0x0000000000000000, RCX=0x0000000000180002, RDX=0x000000fd3e6fca80
RSP=0x000000fd3e6fc990, RBP=0x000000fd3e6fc9f1, RSI=0x00000226a82cce98, RDI=0x00000007c00cf348
R8 =0x00000007c00cf348, R9 =0x00000226aa380940, R10=0x00000226aa3fc940, R11=0x000000fd3e6fc720
R12=0x0000000000000001, R13=0x000000000000006b, R14=0x00000226aa3d1800, R15=0x00000226aa3d1800
RIP=0x000000005b9ec709, EFLAGS=0x0000000000010213

Top of Stack: (sp=0x000000fd3e6fc990)
0x000000fd3e6fc990:   00000226aa380940 00000226acfac450
0x000000fd3e6fc9a0:   00000007c012b960 000000005b9e1801
0x000000fd3e6fc9b0:   00000226aa3d1800 00000226aa3d1800
0x000000fd3e6fc9c0:   0000ad5479723de0 00000226aa3d1800
0x000000fd3e6fc9d0:   0000ad5479723dd0 000000076dc8dd48
0x000000fd3e6fc9e0:   000000fd3e6fcb60 000000005bb4f834
0x000000fd3e6fc9f0:   0000ad5479723da0 000000fd3e6fca89
0x000000fd3e6fca00:   00000226aa3d1800 00000226aa3d1800
0x000000fd3e6fca10:   000002268da14730 00000226aa380940
0x000000fd3e6fca20:   000000fd3e6fcc00 0000000000000000
0x000000fd3e6fca30:   00000226a82cce98 000000005b9eafc4
0x000000fd3e6fca40:   000000fd3e6fcc00 000000fd3e6fca80
0x000000fd3e6fca50:   00000007c00cf348 00000226aed8b0f8
0x000000fd3e6fca60:   0000000000000000 000000005b9e1801
0x000000fd3e6fca70:   00000226aa3d1800 000000000000001f
0x000000fd3e6fca80:   00000226a82cce98 00000226aa3d1800 

Instructions: (pc=0x000000005b9ec709)
0x000000005b9ec6e9:   8b 8e 40 01 00 00 48 8d 55 df 48 89 75 df e8 04
0x000000005b9ec6f9:   60 f6 ff e9 d2 00 00 00 45 33 f6 e9 ca 00 00 00
0x000000005b9ec709:   4a 8b b4 eb b8 01 00 00 48 85 f6 0f 84 7e 03 00
0x000000005b9ec719:   00 49 8b 8f 40 01 00 00 48 8d 55 df 48 89 75 df 


Register to memory mapping:

RAX=0x00000007c00cf348 is pointing into metadata
RBX=0x0000000000000000 is an unknown value
RCX=0x0000000000180002 is an unknown value
RDX=0x000000fd3e6fca80 is pointing into the stack for thread: 0x00000226aa3d1800
RSP=0x000000fd3e6fc990 is pointing into the stack for thread: 0x00000226aa3d1800
RBP=0x000000fd3e6fc9f1 is pointing into the stack for thread: 0x00000226aa3d1800
RSI={method} {0x00000226a82ccea0} 'isBound' '()Z' in 'javafx/beans/property/DoubleProperty'
RDI=0x00000007c00cf348 is pointing into metadata
R8 =0x00000007c00cf348 is pointing into metadata
R9 =0x00000226aa380940 is an unknown value
R10=0x00000226aa3fc940 is an unknown value
R11=0x000000fd3e6fc720 is pointing into the stack for thread: 0x00000226aa3d1800
R12=0x0000000000000001 is an unknown value
R13=0x000000000000006b is an unknown value
R14=0x00000226aa3d1800 is a thread
R15=0x00000226aa3d1800 is a thread


Stack: [0x000000fd3e600000,0x000000fd3e700000],  sp=0x000000fd3e6fc990,  free space=1010k
Native frames: (J=compiled Java code, j=interpreted, Vv=VM code, C=native code)
V  [jvm.dll+0xdc709]
V  [jvm.dll+0xdafc4]
V  [jvm.dll+0xd969e]
V  [jvm.dll+0xd416d]
C  0x000002268f3c6b86

Java frames: (J=compiled Java code, j=interpreted, Vv=VM code)
j  javafx.scene.control.ScrollBar$StyleableProperties$2.isSettable(Ljavafx/scene/control/ScrollBar;)Z+11
j  javafx.scene.control.ScrollBar$StyleableProperties$2.isSettable(Ljavafx/css/Styleable;)Z+5
j  javafx.scene.CssStyleHelper.transitionToState(Ljavafx/scene/Node;)V+328
j  javafx.scene.Node.impl_processCSS(Ljavafx/beans/value/WritableValue;)V+51
j  javafx.scene.Parent.impl_processCSS(Ljavafx/beans/value/WritableValue;)V+28
j  javafx.scene.control.Control.impl_processCSS(Ljavafx/beans/value/WritableValue;)V+2
j  javafx.scene.Parent.impl_processCSS(Ljavafx/beans/value/WritableValue;)V+128
j  javafx.scene.control.Control.impl_processCSS(Ljavafx/beans/value/WritableValue;)V+2
j  javafx.scene.Node.processCSS()V+100
j  javafx.scene.Node.processCSS()V+86
j  javafx.scene.Node.processCSS()V+86
j  javafx.scene.Node.processCSS()V+86
j  javafx.scene.Scene.doCSSPass()V+23
j  javafx.scene.Scene.access$3600(Ljavafx/scene/Scene;)V+1
j  javafx.scene.Scene$ScenePulseListener.pulse()V+58
j  com.sun.javafx.tk.Toolkit.lambda$runPulse$2(Lcom/sun/javafx/tk/TKPulseListener;)Ljava/lang/Void;+1
j  com.sun.javafx.tk.Toolkit$$Lambda$183.run()Ljava/lang/Object;+4
v  ~StubRoutines::call_stub
j  java.security.AccessController.doPrivileged(Ljava/security/PrivilegedAction;Ljava/security/AccessControlContext;)Ljava/lang/Object;+0
j  com.sun.javafx.tk.Toolkit.runPulse(Lcom/sun/javafx/tk/TKPulseListener;Ljava/security/AccessControlContext;)V+21
j  com.sun.javafx.tk.Toolkit.firePulse()V+191
j  com.sun.javafx.tk.quantum.QuantumToolkit.pulse(Z)V+93
j  com.sun.javafx.tk.quantum.QuantumToolkit.pulse()V+2
j  com.sun.javafx.tk.quantum.QuantumToolkit.pulseFromQueue()V+1
j  com.sun.javafx.tk.quantum.QuantumToolkit.lambda$runToolkit$11()V+1
j  com.sun.javafx.tk.quantum.QuantumToolkit$$Lambda$42.run()V+4
j  com.sun.glass.ui.InvokeLaterDispatcher$Future.run()V+4
v  ~StubRoutines::call_stub
j  com.sun.glass.ui.win.WinApplication._runLoop(Ljava/lang/Runnable;)V+0
j  com.sun.glass.ui.win.WinApplication.lambda$null$4(ILjava/lang/Runnable;)V+8
j  com.sun.glass.ui.win.WinApplication$$Lambda$38.run()V+12
j  java.lang.Thread.run()V+11
v  ~StubRoutines::call_stub

---------------  P R O C E S S  ---------------

Java Threads: ( => current thread )
  0x00000226aae57000 JavaThread "Prism Font Disposer" daemon [_thread_blocked, id=10392, stack(0x000000fd3ec00000,0x000000fd3ed00000)]
  0x00000226aaa33000 JavaThread "JavaFX-Launcher" [_thread_blocked, id=9728, stack(0x000000fd3e800000,0x000000fd3e900000)]
  0x00000226aa9da000 JavaThread "Thread-2" daemon [_thread_in_native, id=11712, stack(0x000000fd3e700000,0x000000fd3e800000)]
=>0x00000226aa3d1800 JavaThread "JavaFX Application Thread" [_thread_in_vm, id=11284, stack(0x000000fd3e600000,0x000000fd3e700000)]
  0x00000226aa3cf800 JavaThread "Thread-1" daemon [_thread_blocked, id=9644, stack(0x000000fd3e500000,0x000000fd3e600000)]
  0x00000226aa39a800 JavaThread "QuantumRenderer-0" daemon [_thread_blocked, id=8332, stack(0x000000fd3e400000,0x000000fd3e500000)]
  0x00000226a8f72000 JavaThread "Service Thread" daemon [_thread_blocked, id=7540, stack(0x000000fd3e200000,0x000000fd3e300000)]
  0x00000226a8eec800 JavaThread "C1 CompilerThread2" daemon [_thread_blocked, id=14280, stack(0x000000fd3e100000,0x000000fd3e200000)]
  0x00000226a8eeb800 JavaThread "C2 CompilerThread1" daemon [_thread_blocked, id=5436, stack(0x000000fd3e000000,0x000000fd3e100000)]
  0x00000226a8ee8800 JavaThread "C2 CompilerThread0" daemon [_thread_blocked, id=7748, stack(0x000000fd3df00000,0x000000fd3e000000)]
  0x00000226a8edb800 JavaThread "Attach Listener" daemon [_thread_blocked, id=14308, stack(0x000000fd3de00000,0x000000fd3df00000)]
  0x00000226a8ed9800 JavaThread "Signal Dispatcher" daemon [_thread_blocked, id=9592, stack(0x000000fd3dd00000,0x000000fd3de00000)]
  0x00000226a8eb8000 JavaThread "Finalizer" daemon [_thread_blocked, id=5712, stack(0x000000fd3dc00000,0x000000fd3dd00000)]
  0x00000226a8eb7000 JavaThread "Reference Handler" daemon [_thread_blocked, id=7528, stack(0x000000fd3db00000,0x000000fd3dc00000)]
  0x000002268d9c1000 JavaThread "main" [_thread_blocked, id=10028, stack(0x000000fd3d300000,0x000000fd3d400000)]

Other Threads:
  0x00000226a8e92000 VMThread [stack: 0x000000fd3da00000,0x000000fd3db00000] [id=5976]
  0x00000226a8f7f800 WatcherThread [stack: 0x000000fd3e300000,0x000000fd3e400000] [id=13600]

VM state:not at safepoint (normal execution)

VM Mutex/Monitor currently owned by a thread: None

heap address: 0x00000006c1200000, size: 4078 MB, Compressed Oops mode: Zero based, Oop shift amount: 3
Narrow klass base: 0x0000000000000000, Narrow klass shift: 3
Compressed class space size: 1073741824 Address: 0x00000007c0000000

Heap:
 PSYoungGen      total 76288K, used 52079K [0x000000076b100000, 0x0000000770600000, 0x00000007c0000000)
  eden space 65536K, 79% used [0x000000076b100000,0x000000076e3dbd18,0x000000076f100000)
  from space 10752K, 0% used [0x000000076fb80000,0x000000076fb80000,0x0000000770600000)
  to   space 10752K, 0% used [0x000000076f100000,0x000000076f100000,0x000000076fb80000)
 ParOldGen       total 175104K, used 0K [0x00000006c1200000, 0x00000006cbd00000, 0x000000076b100000)
  object space 175104K, 0% used [0x00000006c1200000,0x00000006c1200000,0x00000006cbd00000)
 Metaspace       used 16994K, capacity 17684K, committed 17920K, reserved 1064960K
  class space    used 2356K, capacity 2539K, committed 2560K, reserved 1048576K

Card table byte_map: [0x000002269e760000,0x000002269ef60000] byte_map_base: 0x000002269b157000

Marking Bits: (ParMarkBitMap*) 0x000000005c107fe0
 Begin Bits: [0x000002269f4b0000, 0x00000226a3468000)
 End Bits:   [0x00000226a3468000, 0x00000226a7420000)

Polling page: 0x000002268da90000

CodeCache: size=245760Kb used=5529Kb max_used=5533Kb free=240230Kb
 bounds [0x000002268f3a0000, 0x000002268f910000, 0x000002269e3a0000]
 total_blobs=2414 nmethods=1724 adapters=602
 compilation: enabled

Compilation events (10 events):
Event: 5.681 Thread 0x00000226a8eec800 1720       3       java.lang.Enum::compareTo (44 bytes)
Event: 5.681 Thread 0x00000226a8eec800 nmethod 1720 0x000002268f901450 code [0x000002268f901600, 0x000002268f901f10]
Event: 5.681 Thread 0x00000226a8eec800 1722       3       com.sun.javafx.css.StyleCacheEntry$Key::hashCode (84 bytes)
Event: 5.681 Thread 0x00000226a8eec800 nmethod 1722 0x000002268f906950 code [0x000002268f906ae0, 0x000002268f906fa0]
Event: 5.681 Thread 0x00000226a8eec800 1721       3       com.sun.javafx.css.StyleCacheEntry$Key::<init> (83 bytes)
Event: 5.682 Thread 0x00000226a8ee8800 1724       4       com.sun.javafx.css.PseudoClassState::<init> (5 bytes)
Event: 5.682 Thread 0x00000226a8ee8800 nmethod 1724 0x000002268f902510 code [0x000002268f902640, 0x000002268f9026b8]
Event: 5.682 Thread 0x00000226a8eec800 nmethod 1721 0x000002268f908550 code [0x000002268f9087c0, 0x000002268f9096d0]
Event: 5.682 Thread 0x00000226a8eec800 1723       1       javafx.scene.text.Font::getName (5 bytes)
Event: 5.682 Thread 0x00000226a8eec800 nmethod 1723 0x000002268f901190 code [0x000002268f9012e0, 0x000002268f9013f8]

GC Heap History (0 events):
No events

Deoptimization events (10 events):
Event: 0.713 Thread 0x00000226aa3d1800 Uncommon trap: reason=class_check action=maybe_recompile pc=0x000002268f4d6194 method=java.lang.String.equals(Ljava/lang/Object;)Z @ 8
Event: 0.719 Thread 0x00000226aa3d1800 Uncommon trap: reason=class_check action=maybe_recompile pc=0x000002268f4d6194 method=java.lang.String.equals(Ljava/lang/Object;)Z @ 8
Event: 0.780 Thread 0x00000226aa3d1800 Uncommon trap: reason=class_check action=maybe_recompile pc=0x000002268f6f4b74 method=java.util.HashMap.putVal(ILjava/lang/Object;Ljava/lang/Object;ZZ)Ljava/lang/Object; @ 203
Event: 0.780 Thread 0x00000226aa3d1800 Uncommon trap: reason=class_check action=maybe_recompile pc=0x000002268f6f4b74 method=java.util.HashMap.putVal(ILjava/lang/Object;Ljava/lang/Object;ZZ)Ljava/lang/Object; @ 203
Event: 0.780 Thread 0x00000226aa3d1800 Uncommon trap: reason=class_check action=maybe_recompile pc=0x000002268f6f4b74 method=java.util.HashMap.putVal(ILjava/lang/Object;Ljava/lang/Object;ZZ)Ljava/lang/Object; @ 203
Event: 0.782 Thread 0x00000226aa3d1800 Uncommon trap: reason=class_check action=maybe_recompile pc=0x000002268f6f4b74 method=java.util.HashMap.putVal(ILjava/lang/Object;Ljava/lang/Object;ZZ)Ljava/lang/Object; @ 203
Event: 0.891 Thread 0x00000226aa3d1800 Uncommon trap: reason=unstable_if action=reinterpret pc=0x000002268f70b07c method=java.lang.String.regionMatches(ZILjava/lang/String;II)Z @ 123
Event: 0.924 Thread 0x00000226aa3d1800 Uncommon trap: reason=unstable_if action=reinterpret pc=0x000002268f694584 method=java.util.HashMap.hash(Ljava/lang/Object;)I @ 1
Event: 0.924 Thread 0x00000226aa3d1800 Uncommon trap: reason=unstable_if action=reinterpret pc=0x000002268f6f6d70 method=java.util.HashMap.hash(Ljava/lang/Object;)I @ 1
Event: 5.678 Thread 0x00000226aa3d1800 Uncommon trap: reason=unstable_if action=reinterpret pc=0x000002268f6fc868 method=jdk.internal.org.objectweb.asm.Type.getArgumentsAndReturnSizes(Ljava/lang/String;)I @ 47

Classes redefined (0 events):
No events

Internal exceptions (10 events):
Event: 0.442 Thread 0x00000226aa3d1800 Exception <a 'java/lang/NullPointerException'> (0x000000076c5c1540) thrown at [C:\jenkins\workspace\8-2-build-windows-amd64-cygwin\jdk8u271\605\hotspot\src\share\vm\interpreter\linkResolver.cpp, line 1185]
Event: 0.442 Thread 0x00000226aa3d1800 Exception <a 'java/lang/NullPointerException'> (0x000000076c5c1540) thrown at [C:\jenkins\workspace\8-2-build-windows-amd64-cygwin\jdk8u271\605\hotspot\src\share\vm\prims\jvm.cpp, line 1516]
Event: 0.553 Thread 0x00000226aa3d1800 Exception <a 'java/lang/ArrayIndexOutOfBoundsException'> (0x000000076ce79228) thrown at [C:\jenkins\workspace\8-2-build-windows-amd64-cygwin\jdk8u271\605\hotspot\src\share\vm\runtime\sharedRuntime.cpp, line 609]
Event: 0.553 Thread 0x00000226aa3d1800 Exception <a 'java/lang/ArrayIndexOutOfBoundsException'> (0x000000076ce79f18) thrown at [C:\jenkins\workspace\8-2-build-windows-amd64-cygwin\jdk8u271\605\hotspot\src\share\vm\runtime\sharedRuntime.cpp, line 609]
Event: 0.553 Thread 0x00000226aa3d1800 Exception <a 'java/lang/ArrayIndexOutOfBoundsException'> (0x000000076ce7b2c0) thrown at [C:\jenkins\workspace\8-2-build-windows-amd64-cygwin\jdk8u271\605\hotspot\src\share\vm\runtime\sharedRuntime.cpp, line 609]
Event: 0.881 Thread 0x00000226aa3d1800 Exception <a 'java/lang/ArrayIndexOutOfBoundsException'> (0x000000076d7b6aa0) thrown at [C:\jenkins\workspace\8-2-build-windows-amd64-cygwin\jdk8u271\605\hotspot\src\share\vm\runtime\sharedRuntime.cpp, line 609]
Event: 0.888 Thread 0x00000226aa3d1800 Exception <a 'java/lang/ArrayIndexOutOfBoundsException'> (0x000000076d7fb3c0) thrown at [C:\jenkins\workspace\8-2-build-windows-amd64-cygwin\jdk8u271\605\hotspot\src\share\vm\runtime\sharedRuntime.cpp, line 609]
Event: 0.905 Thread 0x00000226aa3d1800 Exception <a 'java/lang/ArrayIndexOutOfBoundsException'> (0x000000076db5e7d8) thrown at [C:\jenkins\workspace\8-2-build-windows-amd64-cygwin\jdk8u271\605\hotspot\src\share\vm\runtime\sharedRuntime.cpp, line 609]
Event: 0.924 Thread 0x00000226aa3d1800 Implicit null exception at 0x000002268f694375 to 0x000002268f694575
Event: 0.924 Thread 0x00000226aa3d1800 Implicit null exception at 0x000002268f6f6cd8 to 0x000002268f6f6d66

Events (10 events):
Event: 5.679 loading class com/sun/scenario/animation/AnimationPulse$PulseData
Event: 5.679 loading class com/sun/scenario/animation/AnimationPulse$PulseData done
Event: 5.679 loading class com/sun/scenario/animation/AnimationPulse$PulseData$Accessor
Event: 5.679 loading class com/sun/scenario/animation/AnimationPulse$PulseData$Accessor done
Event: 5.679 loading class com/sun/scenario/animation/AnimationPulse$PulseData
Event: 5.679 loading class com/sun/scenario/animation/AnimationPulse$PulseData done
Event: 5.679 loading class com/sun/scenario/animation/AnimationPulse$PulseData$Accessor
Event: 5.679 loading class com/sun/scenario/animation/AnimationPulse$PulseData$Accessor done
Event: 5.679 loading class javafx/animation/Animation$1
Event: 5.679 loading class javafx/animation/Animation$1 done


Dynamic libraries:
0x00007ff659a10000 - 0x00007ff659a57000 	C:\Program Files\Java\jdk1.8.0_271\jre\bin\java.exe
0x00007ffb30dd0000 - 0x00007ffb30fc5000 	C:\WINDOWS\SYSTEM32\ntdll.dll
0x00007ffb2f140000 - 0x00007ffb2f1fd000 	C:\WINDOWS\System32\KERNEL32.DLL
0x00007ffb2e7f0000 - 0x00007ffb2eab9000 	C:\WINDOWS\System32\KERNELBASE.dll
0x00007ffb2fbb0000 - 0x00007ffb2fc5c000 	C:\WINDOWS\System32\ADVAPI32.dll
0x00007ffb30b40000 - 0x00007ffb30bde000 	C:\WINDOWS\System32\msvcrt.dll
0x00007ffb303b0000 - 0x00007ffb3044b000 	C:\WINDOWS\System32\sechost.dll
0x00007ffb2fc60000 - 0x00007ffb2fd8a000 	C:\WINDOWS\System32\RPCRT4.dll
0x00007ffb2ee30000 - 0x00007ffb2efd0000 	C:\WINDOWS\System32\USER32.dll
0x00007ffb2e500000 - 0x00007ffb2e522000 	C:\WINDOWS\System32\win32u.dll
0x00007ffb2f110000 - 0x00007ffb2f13a000 	C:\WINDOWS\System32\GDI32.dll
0x00007ffb2ebd0000 - 0x00007ffb2ecdb000 	C:\WINDOWS\System32\gdi32full.dll
0x00007ffb2e750000 - 0x00007ffb2e7ed000 	C:\WINDOWS\System32\msvcp_win.dll
0x00007ffb2ece0000 - 0x00007ffb2ede0000 	C:\WINDOWS\System32\ucrtbase.dll
0x00007ffb28fa0000 - 0x00007ffb2923a000 	C:\WINDOWS\WinSxS\amd64_microsoft.windows.common-controls_6595b64144ccf1df_6.0.19041.1110_none_60b5254171f9507e\COMCTL32.dll
0x00007ffb30c40000 - 0x00007ffb30c70000 	C:\WINDOWS\System32\IMM32.DLL
0x00007ffb24d50000 - 0x00007ffb24d65000 	C:\Program Files\Java\jdk1.8.0_271\jre\bin\vcruntime140.dll
0x00007ffb1c020000 - 0x00007ffb1c0bb000 	C:\Program Files\Java\jdk1.8.0_271\jre\bin\msvcp140.dll
0x000000005b910000 - 0x000000005c17f000 	C:\Program Files\Java\jdk1.8.0_271\jre\bin\server\jvm.dll
0x00007ffb2f2b0000 - 0x00007ffb2f2b8000 	C:\WINDOWS\System32\PSAPI.DLL
0x00007ffb2a1c0000 - 0x00007ffb2a1c9000 	C:\WINDOWS\SYSTEM32\WSOCK32.dll
0x00007ffb2e080000 - 0x00007ffb2e08a000 	C:\WINDOWS\SYSTEM32\VERSION.dll
0x00007ffb289e0000 - 0x00007ffb28a07000 	C:\WINDOWS\SYSTEM32\WINMM.dll
0x00007ffb30340000 - 0x00007ffb303ab000 	C:\WINDOWS\System32\WS2_32.dll
0x00007ffb2c3c0000 - 0x00007ffb2c3d2000 	C:\WINDOWS\SYSTEM32\kernel.appcore.dll
0x00007ffb24be0000 - 0x00007ffb24bf0000 	C:\Program Files\Java\jdk1.8.0_271\jre\bin\verify.dll
0x00007ffb1c650000 - 0x00007ffb1c67b000 	C:\Program Files\Java\jdk1.8.0_271\jre\bin\java.dll
0x00007ffb1ca20000 - 0x00007ffb1ca38000 	C:\Program Files\Java\jdk1.8.0_271\jre\bin\zip.dll
0x00007ffb2f470000 - 0x00007ffb2fbaf000 	C:\WINDOWS\System32\SHELL32.dll
0x00007ffb2c5c0000 - 0x00007ffb2cd50000 	C:\WINDOWS\SYSTEM32\windows.storage.dll
0x00007ffb307e0000 - 0x00007ffb30b35000 	C:\WINDOWS\System32\combase.dll
0x00007ffb2def0000 - 0x00007ffb2df1c000 	C:\WINDOWS\SYSTEM32\Wldp.dll
0x00007ffb30290000 - 0x00007ffb3033e000 	C:\WINDOWS\System32\SHCORE.dll
0x00007ffb30be0000 - 0x00007ffb30c35000 	C:\WINDOWS\System32\shlwapi.dll
0x00007ffb2e440000 - 0x00007ffb2e45f000 	C:\WINDOWS\SYSTEM32\profapi.dll
0x000002268db20000 - 0x000002268db23000 	C:\Program Files\Java\jdk1.8.0_271\jre\bin\api-ms-win-core-console-l1-1-0.dll
0x000002268db30000 - 0x000002268db33000 	C:\Program Files\Java\jdk1.8.0_271\jre\bin\api-ms-win-core-console-l1-2-0.dll
0x000002268db40000 - 0x000002268db43000 	C:\Program Files\Java\jdk1.8.0_271\jre\bin\api-ms-win-core-datetime-l1-1-0.dll
0x000002268db50000 - 0x000002268db53000 	C:\Program Files\Java\jdk1.8.0_271\jre\bin\api-ms-win-core-debug-l1-1-0.dll
0x000002268db60000 - 0x000002268db63000 	C:\Program Files\Java\jdk1.8.0_271\jre\bin\api-ms-win-core-errorhandling-l1-1-0.dll
0x000002268db70000 - 0x000002268db74000 	C:\Program Files\Java\jdk1.8.0_271\jre\bin\api-ms-win-core-file-l1-1-0.dll
0x000002268db80000 - 0x000002268db83000 	C:\Program Files\Java\jdk1.8.0_271\jre\bin\api-ms-win-core-file-l1-2-0.dll
0x000002268db90000 - 0x000002268db93000 	C:\Program Files\Java\jdk1.8.0_271\jre\bin\api-ms-win-core-file-l2-1-0.dll
0x000002268dba0000 - 0x000002268dba3000 	C:\Program Files\Java\jdk1.8.0_271\jre\bin\api-ms-win-core-handle-l1-1-0.dll
0x000002268dbb0000 - 0x000002268dbb3000 	C:\Program Files\Java\jdk1.8.0_271\jre\bin\api-ms-win-core-heap-l1-1-0.dll
0x000002268dbc0000 - 0x000002268dbc3000 	C:\Program Files\Java\jdk1.8.0_271\jre\bin\api-ms-win-core-interlocked-l1-1-0.dll
0x000002268dbd0000 - 0x000002268dbd3000 	C:\Program Files\Java\jdk1.8.0_271\jre\bin\api-ms-win-core-libraryloader-l1-1-0.dll
0x000002268dbe0000 - 0x000002268dbe3000 	C:\Program Files\Java\jdk1.8.0_271\jre\bin\api-ms-win-core-localization-l1-2-0.dll
0x00000226aa420000 - 0x00000226aa423000 	C:\Program Files\Java\jdk1.8.0_271\jre\bin\api-ms-win-core-memory-l1-1-0.dll
0x00000226aa430000 - 0x00000226aa433000 	C:\Program Files\Java\jdk1.8.0_271\jre\bin\api-ms-win-core-namedpipe-l1-1-0.dll
0x00000226aa440000 - 0x00000226aa443000 	C:\Program Files\Java\jdk1.8.0_271\jre\bin\api-ms-win-core-processenvironment-l1-1-0.dll
0x00000226aa450000 - 0x00000226aa453000 	C:\Program Files\Java\jdk1.8.0_271\jre\bin\api-ms-win-core-processthreads-l1-1-0.dll
0x00000226aa460000 - 0x00000226aa463000 	C:\Program Files\Java\jdk1.8.0_271\jre\bin\api-ms-win-core-processthreads-l1-1-1.dll
0x00000226aa470000 - 0x00000226aa473000 	C:\Program Files\Java\jdk1.8.0_271\jre\bin\api-ms-win-core-profile-l1-1-0.dll
0x00000226aa480000 - 0x00000226aa483000 	C:\Program Files\Java\jdk1.8.0_271\jre\bin\api-ms-win-core-rtlsupport-l1-1-0.dll
0x00000226aa490000 - 0x00000226aa493000 	C:\Program Files\Java\jdk1.8.0_271\jre\bin\api-ms-win-core-string-l1-1-0.dll
0x00000226aa4a0000 - 0x00000226aa4a3000 	C:\Program Files\Java\jdk1.8.0_271\jre\bin\api-ms-win-core-synch-l1-1-0.dll
0x00000226aa4b0000 - 0x00000226aa4b3000 	C:\Program Files\Java\jdk1.8.0_271\jre\bin\api-ms-win-core-synch-l1-2-0.dll
0x00000226aa4c0000 - 0x00000226aa4c3000 	C:\Program Files\Java\jdk1.8.0_271\jre\bin\api-ms-win-core-sysinfo-l1-1-0.dll
0x00000226aa4d0000 - 0x00000226aa4d3000 	C:\Program Files\Java\jdk1.8.0_271\jre\bin\api-ms-win-core-timezone-l1-1-0.dll
0x00000226aa4e0000 - 0x00000226aa4e3000 	C:\Program Files\Java\jdk1.8.0_271\jre\bin\api-ms-win-core-util-l1-1-0.dll
0x00000226aa4f0000 - 0x00000226aa4f3000 	C:\Program Files\Java\jdk1.8.0_271\jre\bin\api-ms-win-crt-conio-l1-1-0.dll
0x00000226aa500000 - 0x00000226aa504000 	C:\Program Files\Java\jdk1.8.0_271\jre\bin\api-ms-win-crt-convert-l1-1-0.dll
0x00000226aa510000 - 0x00000226aa513000 	C:\Program Files\Java\jdk1.8.0_271\jre\bin\api-ms-win-crt-environment-l1-1-0.dll
0x00000226aa520000 - 0x00000226aa523000 	C:\Program Files\Java\jdk1.8.0_271\jre\bin\api-ms-win-crt-filesystem-l1-1-0.dll
0x00000226aa530000 - 0x00000226aa533000 	C:\Program Files\Java\jdk1.8.0_271\jre\bin\api-ms-win-crt-heap-l1-1-0.dll
0x00000226aa540000 - 0x00000226aa543000 	C:\Program Files\Java\jdk1.8.0_271\jre\bin\api-ms-win-crt-locale-l1-1-0.dll
0x00000226aa550000 - 0x00000226aa555000 	C:\Program Files\Java\jdk1.8.0_271\jre\bin\api-ms-win-crt-math-l1-1-0.dll
0x00000226aa560000 - 0x00000226aa565000 	C:\Program Files\Java\jdk1.8.0_271\jre\bin\api-ms-win-crt-multibyte-l1-1-0.dll
0x00000226aa570000 - 0x00000226aa580000 	C:\Program Files\Java\jdk1.8.0_271\jre\bin\api-ms-win-crt-private-l1-1-0.dll
0x00000226aa580000 - 0x00000226aa583000 	C:\Program Files\Java\jdk1.8.0_271\jre\bin\api-ms-win-crt-process-l1-1-0.dll
0x00000226aa590000 - 0x00000226aa594000 	C:\Program Files\Java\jdk1.8.0_271\jre\bin\api-ms-win-crt-runtime-l1-1-0.dll
0x00000226aa5a0000 - 0x00000226aa5a4000 	C:\Program Files\Java\jdk1.8.0_271\jre\bin\api-ms-win-crt-stdio-l1-1-0.dll
0x00000226aa5b0000 - 0x00000226aa5b4000 	C:\Program Files\Java\jdk1.8.0_271\jre\bin\api-ms-win-crt-string-l1-1-0.dll
0x00000226aa5c0000 - 0x00000226aa5c3000 	C:\Program Files\Java\jdk1.8.0_271\jre\bin\api-ms-win-crt-time-l1-1-0.dll
0x00000226aa5d0000 - 0x00000226aa5d3000 	C:\Program Files\Java\jdk1.8.0_271\jre\bin\api-ms-win-crt-utility-l1-1-0.dll
0x00007ffafa2c0000 - 0x00007ffafa3ba000 	C:\Program Files\Java\jdk1.8.0_271\jre\bin\ucrtbase.dll
0x00007ffb1bd70000 - 0x00007ffb1bd7c000 	C:\Windows\System32\vcruntime140_1.dll
0x00007ffb25250000 - 0x00007ffb25273000 	C:\Program Files\Java\jdk1.8.0_271\jre\bin\prism_d3d.dll
0x00007ffaf8df0000 - 0x00007ffaf8fbe000 	C:\WINDOWS\system32\d3d9.dll
0x00007ffb2c0d0000 - 0x00007ffb2c0ff000 	C:\WINDOWS\SYSTEM32\dwmapi.dll
0x00007ffb2bee0000 - 0x00007ffb2bf7e000 	C:\WINDOWS\system32\uxtheme.dll
0x00007ffae95b0000 - 0x00007ffaea666000 	C:\WINDOWS\SYSTEM32\nvd3dumx.dll
0x00007ffb15890000 - 0x00007ffb158d5000 	C:\Program Files\Java\jdk1.8.0_271\jre\bin\glass.dll
0x00007ffb30700000 - 0x00007ffb307da000 	C:\WINDOWS\System32\COMDLG32.dll
0x00007ffb2efe0000 - 0x00007ffb2f10a000 	C:\WINDOWS\System32\ole32.dll
0x00007ffb30570000 - 0x00007ffb3063d000 	C:\WINDOWS\System32\OLEAUT32.dll
0x00007ffb30c70000 - 0x00007ffb30d85000 	C:\WINDOWS\System32\MSCTF.dll
0x00007ffb2e560000 - 0x00007ffb2e5e3000 	C:\WINDOWS\System32\bcryptPrimitives.dll
0x00007ffb2dea0000 - 0x00007ffb2deeb000 	C:\WINDOWS\system32\powrprof.dll
0x00007ffb2de80000 - 0x00007ffb2de92000 	C:\WINDOWS\SYSTEM32\UMPDC.dll
0x00007ffb212e0000 - 0x00007ffb2144c000 	C:\Program Files (x86)\NVIDIA Corporation\3D Vision\nvSCPAPI64.dll
0x00007ffb2fe10000 - 0x00007ffb30282000 	C:\WINDOWS\System32\SETUPAPI.dll
0x00007ffb2ede0000 - 0x00007ffb2ee2e000 	C:\WINDOWS\System32\cfgmgr32.dll
0x00007ffb2e530000 - 0x00007ffb2e557000 	C:\WINDOWS\System32\bcrypt.dll
0x00007ffb1c280000 - 0x00007ffb1c29c000 	C:\Program Files\Java\jdk1.8.0_271\jre\bin\net.dll
0x00007ffb2db80000 - 0x00007ffb2dbea000 	C:\WINDOWS\system32\mswsock.dll
0x00007ffb1c260000 - 0x00007ffb1c273000 	C:\Program Files\Java\jdk1.8.0_271\jre\bin\nio.dll
0x00007ffb1cf70000 - 0x00007ffb1cf9c000 	C:\Program Files\Java\jdk1.8.0_271\jre\bin\javafx_iio.dll
0x00007ffb25310000 - 0x00007ffb25324000 	C:\Program Files\Java\jdk1.8.0_271\jre\bin\javafx_font.dll
0x00007ffb18040000 - 0x00007ffb182c3000 	C:\WINDOWS\SYSTEM32\dwrite.dll
0x00007ffb2f200000 - 0x00007ffb2f2a9000 	C:\WINDOWS\System32\clbcatq.dll
0x00007ffb24990000 - 0x00007ffb24b44000 	C:\WINDOWS\SYSTEM32\WindowsCodecs.dll
0x00007ffb13bd0000 - 0x00007ffb13c0e000 	C:\WINDOWS\system32\dataexchange.dll
0x00007ffb2a580000 - 0x00007ffb2a7e4000 	C:\WINDOWS\system32\d3d11.dll
0x00007ffb2b210000 - 0x00007ffb2b3f6000 	C:\WINDOWS\system32\dcomp.dll
0x00007ffb2cd90000 - 0x00007ffb2ce84000 	C:\WINDOWS\system32\dxgi.dll
0x00007ffb26f30000 - 0x00007ffb27131000 	C:\WINDOWS\system32\twinapi.appcore.dll
0x00007ffb07810000 - 0x00007ffb07844000 	C:\Program Files\Common Files\Microsoft Shared\Ink\rtscom.dll
0x00007ffb193c0000 - 0x00007ffb194b9000 	C:\WINDOWS\SYSTEM32\textinputframework.dll
0x00007ffb2b400000 - 0x00007ffb2b75e000 	C:\WINDOWS\System32\CoreUIComponents.dll
0x00007ffb2bae0000 - 0x00007ffb2bbd2000 	C:\WINDOWS\System32\CoreMessaging.dll
0x00007ffb2d190000 - 0x00007ffb2d1c3000 	C:\WINDOWS\SYSTEM32\ntmarta.dll
0x00007ffb2a300000 - 0x00007ffb2a454000 	C:\WINDOWS\SYSTEM32\wintypes.dll
0x00007ffb24bf0000 - 0x00007ffb24c02000 	C:\Program Files\Java\jdk1.8.0_271\jre\bin\prism_common.dll
0x00007ffb2ac50000 - 0x00007ffb2b210000 	C:\WINDOWS\SYSTEM32\d2d1.dll
0x00007ffb23310000 - 0x00007ffb23a06000 	C:\WINDOWS\SYSTEM32\D3D10Warp.dll
0x00007ffb29ea0000 - 0x00007ffb29edb000 	C:\WINDOWS\SYSTEM32\dxcore.dll
0x00007ffb1d6e0000 - 0x00007ffb1d8c4000 	C:\WINDOWS\SYSTEM32\dbghelp.dll

VM Arguments:
jvm_args: -Dfile.encoding=UTF-8 
java_command: G:\Alejandra\0 - Nuevo Semestre\Discretas\Material proyecto\Chanton_ProyectoMDiscretas\ChantonProyecto\dist\run1204531403\ChantonProyecto.jar
java_class_path (initial): G:\Alejandra\0 - Nuevo Semestre\Discretas\Material proyecto\Chanton_ProyectoMDiscretas\ChantonProyecto\dist\run1204531403\ChantonProyecto.jar
Launcher Type: SUN_STANDARD

Environment Variables:
JAVA_HOME=C:\Program Files\Android\Jdk\microsoft_dist_openjdk_1.8.0.25
PATH=C:\Program Files\Common Files\Oracle\Java\javapath;C:\Program Files (x86)\Common Files\Oracle\Java\javapath;C:\Program Files\AdoptOpenJDK\jdk-11.0.7.10-hotspot\bin;C:\WINDOWS\system32;C:\WINDOWS;C:\WINDOWS\System32\Wbem;C:\WINDOWS\System32\WindowsPowerShell\v1.0\;C:\Program Files (x86)\Intel\Intel(R) Management Engine Components\DAL;C:\Program Files\Intel\Intel(R) Management Engine Components\DAL;C:\WINDOWS\System32\OpenSSH\;C:\sonar-scanner-4.0.0.1744-windows\bin;C:\Program Files (x86)\MKVToolNix;C:\Program Files\Git\cmd;C:\Program Files\dotnet\;C:\Program Files\Microsoft SQL Server\130\Tools\Binn\;C:\Program Files\Microsoft SQL Server\Client SDK\ODBC\170\Tools\Binn\;C:\sonar-scanner-4.0.0.1744-windows\bin;C:\Users\John\AppData\Local\Programs\Python\Python37-32\Scripts\;C:\Users\John\AppData\Local\Programs\Python\Python37-32\;C:\Program Files\MySQL\MySQL Shell 8.0\bin\;C:\Users\John\AppData\Local\Microsoft\WindowsApps;C:\Program Files\JetBrains\PyCharm Community Edition 2019.2\bin;;C:\Users\John\.dotnet\tools
USERNAME=John
OS=Windows_NT
PROCESSOR_IDENTIFIER=Intel64 Family 6 Model 158 Stepping 10, GenuineIntel



---------------  S Y S T E M  ---------------

OS: Windows 10.0 , 64 bit Build 19041 (10.0.19041.1151)

CPU:total 6 (initial active 6) (6 cores per cpu, 1 threads per core) family 6 model 158 stepping 10, cmov, cx8, fxsr, mmx, sse, sse2, sse3, ssse3, sse4.1, sse4.2, popcnt, avx, avx2, aes, clmul, erms, 3dnowpref, lzcnt, tsc, tscinvbit, bmi1, bmi2, adx

Memory: 4k page, physical 16696164k(9703376k free), swap 33473380k(23736868k free)

vm_info: Java HotSpot(TM) 64-Bit Server VM (25.271-b09) for windows-amd64 JRE (1.8.0_271-b09), built on Sep 16 2020 19:14:59 by "" with MS VC++ 15.9 (VS2017)

time: Fri Aug 20 16:38:43 2021
timezone: Hora est. Pacífico, Sudamérica
elapsed time: 5.759045 seconds (0d 0h 0m 5s)

